[2019-12-05 06:13:47] security.EMERGENCY: This is a emergency log!  
[2019-12-05 06:13:47] security.ALERT: This is a alert log warning!  
[2019-12-05 06:13:47] security.CRITICAL: This is a critical log error!  
[2019-12-05 06:13:47] security.ERROR: This is a error log error!  
[2019-12-05 06:13:47] security.WARNING: This is a warning log error!  
[2019-12-05 06:13:47] security.NOTICE: This is a notice log error!  
[2019-12-05 06:13:47] security.INFO: This is a info log error!  
[2019-12-05 06:23:04] security.EMERGENCY: This is a emergency log!  
[2019-12-05 06:23:04] security.ALERT: This is a alert log warning!  
[2019-12-05 06:23:04] security.CRITICAL: This is a critical log error!  
[2019-12-05 06:23:04] security.ERROR: This is a error log error!  
[2019-12-05 06:23:04] security.WARNING: This is a warning log error!  
[2019-12-05 06:23:04] security.NOTICE: This is a notice log error!  
[2019-12-05 06:23:04] security.INFO: This is a info log error!  
[2019-12-05 07:43:49] security.INFO: bakskadsadsa d amdsnlasdsand  
[2019-12-05 07:57:59] security.INFO: bakskadsadsa d amdsnlasdsand  
[2019-12-05 07:58:08] security.INFO: bakskadsadsa dbbbbbbbb amdsnlasdsand  
[2019-12-05 07:59:25] security.INFO: This is a info log error!  
[2019-12-05 09:28:21] security.INFO: This is a info log error!  
[2019-12-06 14:25:28] security.INFO: This is a info log error!  
[2019-12-06 14:25:30] security.INFO: This is a info log error!  
[2019-12-06 14:25:49] security.INFO: This is a info log error!  
[2019-12-06 14:42:15] security.INFO: This is a info log error!  
[2019-12-06 14:46:01] security.INFO: This is a info log error!  
[2019-12-09 06:09:53] security.INFO: This is a info log error!  
[2019-12-09 06:25:08] security.INFO: This is a info log error!  
[2020-01-22 17:57:48] security.INFO: This is a info log error!  
